bytes allocated, allocations, type, function, file:line
           8192	              8	uint[] timelex.TimeLex!string.TimeLex.get_token /usr/local/Cellar/dmd/2.070.0_1/include/dlang/dmd/std/regex/internal/parser.d:1469
           4256	            133	std.array.Appender!string.Appender.Data std.array.Appender!string.Appender.this /usr/local/Cellar/dmd/2.070.0_1/include/dlang/dmd/std/array.d:2653
           1224	             17	std.conv.ConvException std.conv.parse!(float, string).parse.__dgliteral18 /usr/local/Cellar/dmd/2.070.0_1/include/dlang/dmd/std/conv.d:2699
            656	             41	immutable(char)[][] timelex.TimeLex!string.TimeLex.split timelex.d:214
            408	              3	parser.Result parser.Parser._parse parser.d:675
            352	             11	std.array.Appender!(dchar[]).Appender.Data std.array.Appender!(dchar[]).Appender.this /usr/local/Cellar/dmd/2.070.0_1/include/dlang/dmd/std/array.d:2653
            288	              1	immutable(char)[][] parser_info.ParserInfo.this parser_info.d:110
            256	              8	std.array.Appender!(string[]).Appender.Data std.array.Appender!(string[]).Appender.this /usr/local/Cellar/dmd/2.070.0_1/include/dlang/dmd/std/array.d:2653
            192	              3	timelex.TimeLex!string.TimeLex parser.Parser._parse parser.d:676
            192	              1	immutable(char)[][][] parser_info.ParserInfo.this parser_info.d:112
            160	              8	std.regex.internal.ir.Bytecode[] timelex.TimeLex!string.TimeLex.get_token /usr/local/Cellar/dmd/2.070.0_1/include/dlang/dmd/std/regex/internal/parser.d:518
            144	              9	immutable(char)[][] parser.Parser._parse parser.d:1210
            144	              3	immutable(char)[][] parser_info.ParserInfo.this parser_info.d:38
            112	              1	immutable(char)[][][] parser_info.ParserInfo.this parser_info.d:111
             80	              1	parser_info.ParserInfo main._staticCtor1 main.d:40
             72	              1	std.format.FormatException std.exception.enforceEx!(FormatException).enforceEx!bool.enforceEx /usr/local/Cellar/dmd/2.070.0_1/include/dlang/dmd/std/exception.d:617
             64	              2	immutable(char)[][] parser_info.ParserInfo.this parser_info.d:39
             60	              3	int[immutable(char)[]] main.parse main.d:103
             48	              1	immutable(char)[][] parser_info.ParserInfo.this parser_info.d:115
             48	              1	immutable(char)[][][] parser_info.ParserInfo.this parser_info.d:113
             48	              1	immutable(char)[][] parser_info.ParserInfo.this parser_info.d:33
             41	             41	char[] timelex.TimeLex!string.TimeLex.get_token timelex.d:84
             32	              8	int[] ymd.YMD.put ymd.d:65
             32	              1	immutable(char)[][] parser_info.ParserInfo.this parser_info.d:36
             32	              1	immutable(char)[][] parser_info.ParserInfo.this parser_info.d:26
             32	              1	std.array.Appender!(char[]).Appender.Data std.array.Appender!(char[]).Appender.this /usr/local/Cellar/dmd/2.070.0_1/include/dlang/dmd/std/array.d:2653
             32	              1	immutable(char)[][] parser_info.ParserInfo.this parser_info.d:16
             32	              1	immutable(char)[][] parser_info.ParserInfo.this parser_info.d:35
             32	              1	immutable(char)[][] parser_info.ParserInfo.this parser_info.d:25
             32	              1	immutable(char)[][] parser_info.ParserInfo.this parser_info.d:31
             32	              1	immutable(char)[][] parser_info.ParserInfo.this parser_info.d:29
             32	              1	immutable(char)[][][] parser_info.ParserInfo.this parser_info.d:114
             32	              1	immutable(char)[][] parser_info.ParserInfo.this parser_info.d:17
             32	              1	immutable(char)[][] parser_info.ParserInfo.this parser_info.d:18
             32	              1	immutable(char)[][] parser_info.ParserInfo.this parser_info.d:30
             32	              1	immutable(char)[][] parser_info.ParserInfo.this parser_info.d:28
             32	              1	immutable(char)[][] parser_info.ParserInfo.this parser_info.d:20
             32	              1	immutable(char)[][] parser_info.ParserInfo.this parser_info.d:21
             32	              1	immutable(char)[][] parser_info.ParserInfo.this parser_info.d:19
             32	              1	immutable(char)[][] parser_info.ParserInfo.this parser_info.d:32
             32	              1	immutable(char)[][] parser_info.ParserInfo.this parser_info.d:22
             32	              1	immutable(char)[][] parser_info.ParserInfo.this parser_info.d:27
             32	              1	immutable(char)[][] parser_info.ParserInfo.this parser_info.d:34
             24	              1	parser.Parser main._staticCtor1 main.d:40
             18	             18	char[] timelex.TimeLex!string.TimeLex.get_token timelex.d:110
             18	             18	char[] timelex.TimeLex!string.TimeLex.get_token timelex.d:129
             16	              1	immutable(char)[][] parser_info.ParserInfo.this parser_info.d:116
             12	             12	char[] timelex.TimeLex!string.TimeLex.get_token timelex.d:138
              7	              7	char[] timelex.TimeLex!string.TimeLex.get_token timelex.d:119
